<?xml version="1.0" encoding="UTF-8"?>
<testng-results ignored="0" total="1" passed="1" failed="0" skipped="0">
  <reporter-output>
  </reporter-output>
  <suite started-at="2023-11-24T08:58:05Z" name="Default suite" finished-at="2023-11-24T08:59:01Z" duration-ms="55489">
    <groups>
    </groups>
    <test started-at="2023-11-24T08:58:05Z" name="Default test" finished-at="2023-11-24T08:59:01Z" duration-ms="55489">
      <class name="pom.tests.LoginTest">
        <test-method is-config="true" signature="startBrowser()[pri:0, instance:pom.tests.LoginTest@1e8b7643]" started-at="2023-11-24T14:58:00Z" name="startBrowser" finished-at="2023-11-24T14:58:05Z" duration-ms="5070" status="PASS">
          <reporter-output>
          </reporter-output>
        </test-method> <!-- startBrowser -->
        <test-method is-config="true" signature="start()[pri:0, instance:pom.tests.LoginTest@1e8b7643]" started-at="2023-11-24T14:58:05Z" name="start" finished-at="2023-11-24T14:58:45Z" duration-ms="39557" status="PASS">
          <reporter-output>
          </reporter-output>
        </test-method> <!-- start -->
        <test-method signature="loginTest()[pri:0, instance:pom.tests.LoginTest@1e8b7643]" started-at="2023-11-24T14:58:45Z" name="loginTest" finished-at="2023-11-24T14:59:00Z" duration-ms="15546" status="PASS">
          <reporter-output>
          </reporter-output>
        </test-method> <!-- loginTest -->
        <test-method is-config="true" signature="report()[pri:0, instance:pom.tests.LoginTest@1e8b7643]" started-at="2023-11-24T14:59:00Z" name="report" finished-at="2023-11-24T14:59:01Z" duration-ms="369" status="PASS">
          <reporter-output>
          </reporter-output>
        </test-method> <!-- report -->
        <test-method is-config="true" signature="close()[pri:0, instance:pom.tests.LoginTest@1e8b7643]" started-at="2023-11-24T14:59:01Z" name="close" finished-at="2023-11-24T14:59:02Z" duration-ms="1595" status="PASS">
          <reporter-output>
          </reporter-output>
        </test-method> <!-- close -->
      </class> <!-- pom.tests.LoginTest -->
    </test> <!-- Default test -->
  </suite> <!-- Default suite -->
</testng-results>
